/*C14*/SET SCHEMA PUBLIC
INSERT INTO PUBLISHER VALUES(829,'Developer Best Practices')
ALTER SEQUENCE PUBLIC.HIBERNATE_SEQUENCE RESTART WITH 830
COMMIT
/*C13*/SET SCHEMA PUBLIC
INSERT INTO AUTHOR VALUES(830,'Steve McConnell')
ALTER SEQUENCE PUBLIC.HIBERNATE_SEQUENCE RESTART WITH 831
COMMIT
/*C1*/SET SCHEMA SYSTEM_LOBS
INSERT INTO LOB_IDS VALUES(232,228,0,30)
ALTER SEQUENCE SYSTEM_LOBS.LOB_ID RESTART WITH 233
COMMIT
DELETE FROM BLOCKS WHERE BLOCK_ADDR=273
INSERT INTO BLOCKS VALUES(273,1,0)
INSERT INTO BLOCKS VALUES(274,2147483373,0)
DELETE FROM BLOCKS WHERE BLOCK_ADDR=273
INSERT INTO LOBS VALUES(273,1,0,232)
COMMIT
/*C13*/INSERT INTO INFO VALUES(831,3,0,'Code Complete',2004,829)
INSERT INTO BOOK VALUES('0735619670',964,831)
INSERT INTO DESCRIPT VALUES(832,'Google',232,831)
INSERT INTO INFO_FILE VALUES(833,'code-complete-2nd-edition-v413hav.pdf',8880461,831)
INSERT INTO INFO_TAG VALUES(831,'Computers')
INSERT INTO BOOK_AUTHOR VALUES(831,830)
SET SCHEMA SYSTEM_LOBS
DELETE FROM LOB_IDS WHERE LOB_ID=232
INSERT INTO LOB_IDS VALUES(232,228,1,30)
SET SCHEMA PUBLIC
ALTER SEQUENCE PUBLIC.HIBERNATE_SEQUENCE RESTART WITH 834
COMMIT
/*C12*/SET SCHEMA PUBLIC
DISCONNECT
/*C13*/DISCONNECT
/*C14*/DISCONNECT
/*C15*/SET SCHEMA PUBLIC
DISCONNECT
/*C16*/SET SCHEMA PUBLIC
DISCONNECT
/*C17*/SET SCHEMA PUBLIC
DISCONNECT
/*C18*/SET SCHEMA PUBLIC
DISCONNECT
/*C19*/SET SCHEMA PUBLIC
DISCONNECT
/*C20*/SET SCHEMA PUBLIC
DISCONNECT
/*C21*/SET SCHEMA PUBLIC
DISCONNECT
